mode: atomic
github.com/GabeCordo/ScalingFunctions/internal/builders/builders.go:18.94,20.28 1 1
github.com/GabeCordo/ScalingFunctions/internal/builders/builders.go:20.28,21.37 1 1
github.com/GabeCordo/ScalingFunctions/internal/builders/builders.go:21.37,24.4 2 10
github.com/GabeCordo/ScalingFunctions/internal/builders/builders.go:25.3,25.13 1 1
github.com/GabeCordo/ScalingFunctions/internal/builders/builders.go:31.84,33.43 1 1
github.com/GabeCordo/ScalingFunctions/internal/builders/builders.go:33.43,37.3 3 1
github.com/GabeCordo/ScalingFunctions/internal/builders/builders.go:42.66,44.34 1 1
github.com/GabeCordo/ScalingFunctions/internal/builders/builders.go:44.34,47.3 2 1
github.com/GabeCordo/ScalingFunctions/examples/three-consumers/main.go:26.30,27.31 1 0
github.com/GabeCordo/ScalingFunctions/examples/three-consumers/main.go:27.31,29.3 1 0
github.com/GabeCordo/ScalingFunctions/examples/three-consumers/main.go:30.2,30.12 1 0
github.com/GabeCordo/ScalingFunctions/examples/three-consumers/main.go:33.32,37.2 3 0
github.com/GabeCordo/ScalingFunctions/examples/three-consumers/main.go:39.32,43.2 3 0
github.com/GabeCordo/ScalingFunctions/examples/three-consumers/main.go:45.24,47.2 1 0
github.com/GabeCordo/ScalingFunctions/examples/three-consumers/main.go:53.13,59.12 3 0
github.com/GabeCordo/ScalingFunctions/examples/three-consumers/main.go:59.12,60.7 1 0
github.com/GabeCordo/ScalingFunctions/examples/three-consumers/main.go:60.7,63.4 2 0
github.com/GabeCordo/ScalingFunctions/examples/three-consumers/main.go:66.2,69.16 3 0
github.com/GabeCordo/ScalingFunctions/examples/three-consumers/main.go:69.16,71.3 1 0
github.com/GabeCordo/ScalingFunctions/examples/three-consumers/main.go:72.2,76.16 3 0
github.com/GabeCordo/ScalingFunctions/examples/three-consumers/main.go:76.16,78.3 1 0
github.com/GabeCordo/ScalingFunctions/branch.go:66.31,77.39 8 3
github.com/GabeCordo/ScalingFunctions/branch.go:77.39,79.3 1 4
github.com/GabeCordo/ScalingFunctions/branch.go:81.2,83.36 3 3
github.com/GabeCordo/ScalingFunctions/branch.go:83.36,85.3 1 3
github.com/GabeCordo/ScalingFunctions/branch.go:87.2,87.11 1 3
github.com/GabeCordo/ScalingFunctions/branch.go:92.40,99.49 4 33
github.com/GabeCordo/ScalingFunctions/branch.go:99.49,106.3 5 9
github.com/GabeCordo/ScalingFunctions/branch.go:106.8,113.3 5 24
github.com/GabeCordo/ScalingFunctions/branch.go:115.2,115.23 1 33
github.com/GabeCordo/ScalingFunctions/branch.go:115.23,116.19 1 1
github.com/GabeCordo/ScalingFunctions/branch.go:118.2,120.10 2 32
github.com/GabeCordo/ScalingFunctions/branch.go:125.26,131.2 3 14
github.com/GabeCordo/ScalingFunctions/branch.go:135.31,138.27 2 3
github.com/GabeCordo/ScalingFunctions/branch.go:138.27,140.3 1 3
github.com/GabeCordo/ScalingFunctions/branch.go:142.2,142.10 1 3
github.com/GabeCordo/ScalingFunctions/builder.go:51.51,54.16 2 8
github.com/GabeCordo/ScalingFunctions/builder.go:54.16,56.3 1 0
github.com/GabeCordo/ScalingFunctions/builder.go:57.2,57.26 1 8
github.com/GabeCordo/ScalingFunctions/builder.go:64.54,67.37 2 5
github.com/GabeCordo/ScalingFunctions/builder.go:67.37,69.3 1 16
github.com/GabeCordo/ScalingFunctions/builder.go:70.2,70.22 1 5
github.com/GabeCordo/ScalingFunctions/builder.go:75.82,78.16 2 3
github.com/GabeCordo/ScalingFunctions/builder.go:78.16,80.3 1 0
github.com/GabeCordo/ScalingFunctions/builder.go:81.2,81.32 1 3
github.com/GabeCordo/ScalingFunctions/builder.go:87.60,91.33 2 17
github.com/GabeCordo/ScalingFunctions/builder.go:91.33,96.35 2 35
github.com/GabeCordo/ScalingFunctions/builder.go:96.35,98.4 1 5
github.com/GabeCordo/ScalingFunctions/builder.go:98.9,98.45 1 30
github.com/GabeCordo/ScalingFunctions/builder.go:98.45,100.4 1 4
github.com/GabeCordo/ScalingFunctions/builder.go:100.9,100.45 1 26
github.com/GabeCordo/ScalingFunctions/builder.go:100.45,102.4 1 3
github.com/GabeCordo/ScalingFunctions/builder.go:102.9,102.35 1 23
github.com/GabeCordo/ScalingFunctions/builder.go:102.35,104.4 1 7
github.com/GabeCordo/ScalingFunctions/builder.go:104.9,104.58 1 16
github.com/GabeCordo/ScalingFunctions/builder.go:104.58,106.4 1 11
github.com/GabeCordo/ScalingFunctions/builder.go:106.9,108.4 1 5
github.com/GabeCordo/ScalingFunctions/builder.go:111.3,111.18 1 35
github.com/GabeCordo/ScalingFunctions/builder.go:112.24,113.4 1 8
github.com/GabeCordo/ScalingFunctions/builder.go:113.4,114.30 1 8
github.com/GabeCordo/ScalingFunctions/builder.go:114.30,116.6 1 1
github.com/GabeCordo/ScalingFunctions/builder.go:118.31,119.4 1 5
github.com/GabeCordo/ScalingFunctions/builder.go:119.4,120.37 1 5
github.com/GabeCordo/ScalingFunctions/builder.go:120.37,122.6 1 1
github.com/GabeCordo/ScalingFunctions/builder.go:124.22,125.4 1 2
github.com/GabeCordo/ScalingFunctions/builder.go:125.4,126.28 1 2
github.com/GabeCordo/ScalingFunctions/builder.go:126.28,128.6 1 1
github.com/GabeCordo/ScalingFunctions/builder.go:130.22,131.4 1 3
github.com/GabeCordo/ScalingFunctions/builder.go:131.4,132.32 1 3
github.com/GabeCordo/ScalingFunctions/builder.go:132.32,134.6 1 0
github.com/GabeCordo/ScalingFunctions/builder.go:136.11,137.4 1 17
github.com/GabeCordo/ScalingFunctions/builder.go:137.4,138.18 1 17
github.com/GabeCordo/ScalingFunctions/builder.go:139.21,140.29 1 4
github.com/GabeCordo/ScalingFunctions/builder.go:141.23,142.31 1 4
github.com/GabeCordo/ScalingFunctions/builder.go:143.30,144.38 1 3
github.com/GabeCordo/ScalingFunctions/builder.go:145.25,146.29 1 3
github.com/GabeCordo/ScalingFunctions/builder.go:147.25,148.113 1 1
github.com/GabeCordo/ScalingFunctions/builder.go:149.13,150.66 1 2
github.com/GabeCordo/ScalingFunctions/builder.go:156.2,156.16 1 11
github.com/GabeCordo/ScalingFunctions/builder.go:178.54,187.17 5 17
github.com/GabeCordo/ScalingFunctions/builder.go:188.47,189.3 1 5
github.com/GabeCordo/ScalingFunctions/builder.go:189.3,191.4 1 5
github.com/GabeCordo/ScalingFunctions/builder.go:192.21,193.3 1 3
github.com/GabeCordo/ScalingFunctions/builder.go:193.3,195.40 2 3
github.com/GabeCordo/ScalingFunctions/builder.go:195.40,197.5 1 4
github.com/GabeCordo/ScalingFunctions/builder.go:198.4,198.38 1 3
github.com/GabeCordo/ScalingFunctions/builder.go:200.21,201.3 1 3
github.com/GabeCordo/ScalingFunctions/builder.go:201.3,205.4 3 3
github.com/GabeCordo/ScalingFunctions/builder.go:206.10,207.3 1 0
github.com/GabeCordo/ScalingFunctions/builder.go:207.3,209.4 1 0
github.com/GabeCordo/ScalingFunctions/builder.go:212.2,212.16 1 11
github.com/GabeCordo/ScalingFunctions/builder.go:212.16,213.13 1 0
github.com/GabeCordo/ScalingFunctions/builder.go:216.2,216.38 1 11
github.com/GabeCordo/ScalingFunctions/channel.go:43.47,45.16 1 4
github.com/GabeCordo/ScalingFunctions/channel.go:46.12,47.16 1 1
github.com/GabeCordo/ScalingFunctions/channel.go:48.13,49.17 1 1
github.com/GabeCordo/ScalingFunctions/channel.go:50.17,51.21 1 1
github.com/GabeCordo/ScalingFunctions/channel.go:52.10,53.19 1 1
github.com/GabeCordo/ScalingFunctions/channel.go:68.46,70.2 1 3161
github.com/GabeCordo/ScalingFunctions/channel.go:106.121,109.18 1 38
github.com/GabeCordo/ScalingFunctions/channel.go:109.18,111.3 1 1
github.com/GabeCordo/ScalingFunctions/channel.go:114.2,114.19 1 37
github.com/GabeCordo/ScalingFunctions/channel.go:114.19,116.3 1 1
github.com/GabeCordo/ScalingFunctions/channel.go:119.2,119.19 1 36
github.com/GabeCordo/ScalingFunctions/channel.go:119.19,121.3 1 1
github.com/GabeCordo/ScalingFunctions/channel.go:123.2,140.16 12 35
github.com/GabeCordo/ScalingFunctions/channel.go:143.59,149.43 2 3154
github.com/GabeCordo/ScalingFunctions/channel.go:149.43,153.3 3 3154
github.com/GabeCordo/ScalingFunctions/channel.go:155.2,178.17 6 3154
github.com/GabeCordo/ScalingFunctions/channel.go:178.17,180.3 1 2
github.com/GabeCordo/ScalingFunctions/channel.go:183.2,187.10 4 3152
github.com/GabeCordo/ScalingFunctions/channel.go:187.10,189.3 1 2
github.com/GabeCordo/ScalingFunctions/channel.go:191.2,193.13 2 3150
github.com/GabeCordo/ScalingFunctions/channel.go:196.63,204.36 5 3150
github.com/GabeCordo/ScalingFunctions/channel.go:204.36,205.56 1 3132
github.com/GabeCordo/ScalingFunctions/channel.go:205.56,207.4 1 79
github.com/GabeCordo/ScalingFunctions/channel.go:207.9,207.63 1 3053
github.com/GabeCordo/ScalingFunctions/channel.go:207.63,209.4 1 46
github.com/GabeCordo/ScalingFunctions/channel.go:210.3,210.81 1 3132
github.com/GabeCordo/ScalingFunctions/channel.go:211.8,216.3 4 18
github.com/GabeCordo/ScalingFunctions/channel.go:218.2,219.15 2 3150
github.com/GabeCordo/ScalingFunctions/channel.go:222.44,228.2 3 6
github.com/GabeCordo/ScalingFunctions/channel.go:230.40,236.2 3 2
github.com/GabeCordo/ScalingFunctions/channel.go:238.41,243.2 3 23
github.com/GabeCordo/ScalingFunctions/channel.go:245.48,251.28 3 24
github.com/GabeCordo/ScalingFunctions/channel.go:251.28,253.3 1 1
github.com/GabeCordo/ScalingFunctions/channel.go:255.2,256.60 2 23
github.com/GabeCordo/ScalingFunctions/channel.go:256.60,262.3 5 23
github.com/GabeCordo/ScalingFunctions/channel.go:264.2,264.12 1 23
github.com/GabeCordo/ScalingFunctions/channel.go:267.52,272.31 3 3224
github.com/GabeCordo/ScalingFunctions/channel.go:272.31,274.3 1 167
github.com/GabeCordo/ScalingFunctions/channel.go:274.8,274.26 1 3057
github.com/GabeCordo/ScalingFunctions/channel.go:274.26,275.48 1 3048
github.com/GabeCordo/ScalingFunctions/channel.go:275.48,277.4 1 21
github.com/GabeCordo/ScalingFunctions/channel.go:277.9,279.4 1 3027
github.com/GabeCordo/ScalingFunctions/channel.go:280.8,280.113 1 9
github.com/GabeCordo/ScalingFunctions/channel.go:280.113,282.3 1 1
github.com/GabeCordo/ScalingFunctions/channel.go:282.8,282.43 1 8
github.com/GabeCordo/ScalingFunctions/channel.go:282.43,284.3 1 5
github.com/GabeCordo/ScalingFunctions/channel.go:284.8,286.3 1 3
github.com/GabeCordo/ScalingFunctions/channel.go:288.2,288.19 1 3224
github.com/GabeCordo/ScalingFunctions/interactable.go:32.64,36.2 2 10
github.com/GabeCordo/ScalingFunctions/interactable.go:38.56,40.2 1 1
github.com/GabeCordo/ScalingFunctions/interactable.go:42.51,44.2 1 1
github.com/GabeCordo/ScalingFunctions/interactable.go:46.41,49.2 1 2
github.com/GabeCordo/ScalingFunctions/interactable.go:51.62,54.2 1 13
github.com/GabeCordo/ScalingFunctions/interactable.go:62.80,64.53 1 0
github.com/GabeCordo/ScalingFunctions/interactable.go:64.53,69.3 1 0
github.com/GabeCordo/ScalingFunctions/interactable.go:71.2,79.12 5 0
github.com/GabeCordo/ScalingFunctions/interactable.go:79.12,82.3 2 0
github.com/GabeCordo/ScalingFunctions/interactable.go:84.2,89.43 4 0
github.com/GabeCordo/ScalingFunctions/interactable.go:92.92,94.53 1 0
github.com/GabeCordo/ScalingFunctions/interactable.go:94.53,99.3 1 0
github.com/GabeCordo/ScalingFunctions/interactable.go:101.2,109.12 5 0
github.com/GabeCordo/ScalingFunctions/interactable.go:109.12,112.3 2 0
github.com/GabeCordo/ScalingFunctions/interactable.go:114.2,119.43 4 0
github.com/GabeCordo/ScalingFunctions/ir.go:151.64,166.34 6 10
github.com/GabeCordo/ScalingFunctions/ir.go:166.34,173.39 3 10
github.com/GabeCordo/ScalingFunctions/ir.go:173.39,180.55 3 28
github.com/GabeCordo/ScalingFunctions/ir.go:180.55,181.13 1 1
github.com/GabeCordo/ScalingFunctions/ir.go:182.10,182.35 1 27
github.com/GabeCordo/ScalingFunctions/ir.go:182.35,184.5 1 0
github.com/GabeCordo/ScalingFunctions/ir.go:186.4,187.21 2 27
github.com/GabeCordo/ScalingFunctions/ir.go:187.21,189.5 1 27
github.com/GabeCordo/ScalingFunctions/ir.go:189.10,192.5 2 0
github.com/GabeCordo/ScalingFunctions/ir.go:193.4,193.69 1 27
github.com/GabeCordo/ScalingFunctions/ir.go:193.69,195.5 1 0
github.com/GabeCordo/ScalingFunctions/ir.go:195.10,197.5 1 27
github.com/GabeCordo/ScalingFunctions/ir.go:198.4,202.19 2 27
github.com/GabeCordo/ScalingFunctions/ir.go:202.19,207.57 2 18
github.com/GabeCordo/ScalingFunctions/ir.go:207.57,210.6 1 1
github.com/GabeCordo/ScalingFunctions/ir.go:210.11,221.6 5 17
github.com/GabeCordo/ScalingFunctions/ir.go:225.4,226.22 2 27
github.com/GabeCordo/ScalingFunctions/ir.go:229.3,229.20 1 10
github.com/GabeCordo/ScalingFunctions/ir.go:232.2,232.16 1 10
github.com/GabeCordo/ScalingFunctions/ir.go:235.95,237.48 1 3
github.com/GabeCordo/ScalingFunctions/ir.go:237.48,239.3 1 0
github.com/GabeCordo/ScalingFunctions/ir.go:241.2,241.40 1 3
github.com/GabeCordo/ScalingFunctions/ir.go:241.40,244.19 2 9
github.com/GabeCordo/ScalingFunctions/ir.go:244.19,246.29 1 0
github.com/GabeCordo/ScalingFunctions/ir.go:249.3,250.21 2 9
github.com/GabeCordo/ScalingFunctions/ir.go:250.21,252.38 1 0
github.com/GabeCordo/ScalingFunctions/ir.go:255.3,256.16 2 9
github.com/GabeCordo/ScalingFunctions/ir.go:256.16,258.4 1 0
github.com/GabeCordo/ScalingFunctions/ir.go:261.2,261.24 1 3
github.com/GabeCordo/ScalingFunctions/ir.go:268.50,270.22 1 9
github.com/GabeCordo/ScalingFunctions/ir.go:270.22,272.3 1 2
github.com/GabeCordo/ScalingFunctions/ir.go:272.8,272.30 1 7
github.com/GabeCordo/ScalingFunctions/ir.go:272.30,274.3 1 6
github.com/GabeCordo/ScalingFunctions/ir.go:274.8,276.3 1 1
github.com/GabeCordo/ScalingFunctions/ir.go:279.56,283.15 2 9
github.com/GabeCordo/ScalingFunctions/ir.go:284.28,285.3 1 6
github.com/GabeCordo/ScalingFunctions/ir.go:285.3,288.16 3 6
github.com/GabeCordo/ScalingFunctions/ir.go:288.16,290.5 1 1
github.com/GabeCordo/ScalingFunctions/ir.go:292.24,293.3 1 1
github.com/GabeCordo/ScalingFunctions/ir.go:293.3,295.16 2 1
github.com/GabeCordo/ScalingFunctions/ir.go:295.16,297.5 1 0
github.com/GabeCordo/ScalingFunctions/ir.go:299.10,300.3 1 2
github.com/GabeCordo/ScalingFunctions/ir.go:300.3,302.4 1 2
github.com/GabeCordo/ScalingFunctions/ir.go:305.2,305.12 1 9
github.com/GabeCordo/ScalingFunctions/ir.go:308.48,312.25 2 7
github.com/GabeCordo/ScalingFunctions/ir.go:312.25,314.3 1 1
github.com/GabeCordo/ScalingFunctions/ir.go:316.2,317.16 2 7
github.com/GabeCordo/ScalingFunctions/ir.go:317.16,319.3 1 1
github.com/GabeCordo/ScalingFunctions/ir.go:322.2,324.40 2 7
github.com/GabeCordo/ScalingFunctions/ir.go:324.40,329.37 2 4
github.com/GabeCordo/ScalingFunctions/ir.go:329.37,332.4 1 1
github.com/GabeCordo/ScalingFunctions/ir.go:332.9,335.4 1 3
github.com/GabeCordo/ScalingFunctions/ir.go:338.2,338.11 1 7
github.com/GabeCordo/ScalingFunctions/ir.go:341.35,344.32 2 14
github.com/GabeCordo/ScalingFunctions/ir.go:344.32,346.3 1 9
github.com/GabeCordo/ScalingFunctions/ir.go:346.8,346.41 1 5
github.com/GabeCordo/ScalingFunctions/ir.go:346.41,348.3 1 2
github.com/GabeCordo/ScalingFunctions/ir.go:348.8,348.41 1 3
github.com/GabeCordo/ScalingFunctions/ir.go:348.41,350.3 1 1
github.com/GabeCordo/ScalingFunctions/ir.go:350.8,350.37 1 2
github.com/GabeCordo/ScalingFunctions/ir.go:350.37,352.3 1 1
github.com/GabeCordo/ScalingFunctions/ir.go:352.8,354.3 1 1
github.com/GabeCordo/ScalingFunctions/ir.go:356.2,356.10 1 14
github.com/GabeCordo/ScalingFunctions/ir.go:359.40,363.23 2 11
github.com/GabeCordo/ScalingFunctions/ir.go:364.20,365.3 1 7
github.com/GabeCordo/ScalingFunctions/ir.go:365.3,368.4 2 7
github.com/GabeCordo/ScalingFunctions/ir.go:369.10,370.3 1 4
github.com/GabeCordo/ScalingFunctions/ir.go:370.3,373.4 1 4
github.com/GabeCordo/ScalingFunctions/ir.go:376.2,376.15 1 11
github.com/GabeCordo/ScalingFunctions/ir.go:379.48,381.29 1 2
github.com/GabeCordo/ScalingFunctions/ir.go:381.29,383.3 1 2
github.com/GabeCordo/ScalingFunctions/ir.go:385.2,385.31 1 2
github.com/GabeCordo/ScalingFunctions/ir.go:385.31,387.3 1 2
github.com/GabeCordo/ScalingFunctions/ir.go:390.42,393.34 2 2
github.com/GabeCordo/ScalingFunctions/ir.go:393.34,395.3 1 1
github.com/GabeCordo/ScalingFunctions/ir.go:397.2,397.38 1 2
github.com/GabeCordo/ScalingFunctions/ir.go:397.38,399.3 1 1
github.com/GabeCordo/ScalingFunctions/ir.go:402.48,404.40 1 1
github.com/GabeCordo/ScalingFunctions/ir.go:404.40,406.3 1 1
github.com/GabeCordo/ScalingFunctions/ir.go:412.30,414.23 1 3
github.com/GabeCordo/ScalingFunctions/ir.go:415.20,416.3 1 2
github.com/GabeCordo/ScalingFunctions/ir.go:416.3,419.4 2 2
github.com/GabeCordo/ScalingFunctions/ir.go:420.22,421.3 1 1
github.com/GabeCordo/ScalingFunctions/ir.go:421.3,424.4 2 1
github.com/GabeCordo/ScalingFunctions/ir.go:425.10,426.3 1 0
github.com/GabeCordo/ScalingFunctions/ir.go:426.3,428.4 1 0
github.com/GabeCordo/ScalingFunctions/ir.go:431.2,431.12 1 3
github.com/GabeCordo/ScalingFunctions/pipeline.go:125.62,135.16 8 25
github.com/GabeCordo/ScalingFunctions/pipeline.go:135.16,137.3 1 0
github.com/GabeCordo/ScalingFunctions/pipeline.go:138.2,141.21 3 25
github.com/GabeCordo/ScalingFunctions/pipeline.go:144.65,149.29 3 38
github.com/GabeCordo/ScalingFunctions/pipeline.go:149.29,151.3 1 38
github.com/GabeCordo/ScalingFunctions/pipeline.go:151.8,153.3 1 0
github.com/GabeCordo/ScalingFunctions/pipeline.go:154.2,164.36 10 38
github.com/GabeCordo/ScalingFunctions/pipeline.go:164.36,165.34 1 80
github.com/GabeCordo/ScalingFunctions/pipeline.go:165.34,168.4 2 26
github.com/GabeCordo/ScalingFunctions/pipeline.go:170.3,170.36 1 80
github.com/GabeCordo/ScalingFunctions/pipeline.go:170.36,173.4 2 25
github.com/GabeCordo/ScalingFunctions/pipeline.go:176.2,176.22 1 38
github.com/GabeCordo/ScalingFunctions/pipeline.go:179.54,188.29 5 13
github.com/GabeCordo/ScalingFunctions/pipeline.go:188.29,194.17 3 25
github.com/GabeCordo/ScalingFunctions/pipeline.go:194.17,196.4 1 0
github.com/GabeCordo/ScalingFunctions/pipeline.go:197.3,197.30 1 25
github.com/GabeCordo/ScalingFunctions/pipeline.go:200.2,203.33 4 13
github.com/GabeCordo/ScalingFunctions/pipeline.go:203.33,211.17 3 38
github.com/GabeCordo/ScalingFunctions/pipeline.go:211.17,213.4 1 0
github.com/GabeCordo/ScalingFunctions/pipeline.go:215.3,215.25 1 38
github.com/GabeCordo/ScalingFunctions/pipeline.go:215.25,217.4 1 12
github.com/GabeCordo/ScalingFunctions/pipeline.go:219.3,219.27 1 38
github.com/GabeCordo/ScalingFunctions/pipeline.go:219.27,221.4 1 13
github.com/GabeCordo/ScalingFunctions/pipeline.go:223.3,223.42 1 38
github.com/GabeCordo/ScalingFunctions/pipeline.go:223.42,225.4 1 0
github.com/GabeCordo/ScalingFunctions/pipeline.go:227.3,227.43 1 38
github.com/GabeCordo/ScalingFunctions/pipeline.go:227.43,229.4 1 0
github.com/GabeCordo/ScalingFunctions/pipeline.go:231.3,231.32 1 38
github.com/GabeCordo/ScalingFunctions/pipeline.go:234.2,236.19 2 13
github.com/GabeCordo/ScalingFunctions/pipeline.go:250.60,262.2 4 11
github.com/GabeCordo/ScalingFunctions/repository.go:25.66,30.47 3 14
github.com/GabeCordo/ScalingFunctions/repository.go:30.47,32.3 1 1
github.com/GabeCordo/ScalingFunctions/repository.go:32.8,34.3 1 13
github.com/GabeCordo/ScalingFunctions/repository.go:36.2,36.12 1 13
github.com/GabeCordo/ScalingFunctions/repository.go:39.58,41.36 1 2
github.com/GabeCordo/ScalingFunctions/repository.go:41.36,42.58 1 6
github.com/GabeCordo/ScalingFunctions/repository.go:42.58,44.4 1 0
github.com/GabeCordo/ScalingFunctions/repository.go:46.2,46.12 1 2
github.com/GabeCordo/ScalingFunctions/repository.go:49.41,59.44 7 1
github.com/GabeCordo/ScalingFunctions/repository.go:59.44,62.3 2 2
github.com/GabeCordo/ScalingFunctions/repository.go:64.2,64.11 1 1
github.com/GabeCordo/ScalingFunctions/repository.go:72.34,77.2 3 10
github.com/GabeCordo/ScalingFunctions/repository.go:82.50,87.41 3 9
github.com/GabeCordo/ScalingFunctions/repository.go:87.41,95.3 5 9
github.com/GabeCordo/ScalingFunctions/repository.go:97.2,97.24 1 9
github.com/GabeCordo/ScalingFunctions/repository.go:102.55,107.30 3 1
github.com/GabeCordo/ScalingFunctions/repository.go:107.30,110.3 2 2
github.com/GabeCordo/ScalingFunctions/repository.go:112.2,112.16 1 1
github.com/GabeCordo/ScalingFunctions/runtime.go:53.43,54.16 1 0
github.com/GabeCordo/ScalingFunctions/runtime.go:55.17,56.21 1 0
github.com/GabeCordo/ScalingFunctions/runtime.go:57.16,58.17 1 0
github.com/GabeCordo/ScalingFunctions/runtime.go:59.14,60.18 1 0
github.com/GabeCordo/ScalingFunctions/runtime.go:61.20,62.24 1 0
github.com/GabeCordo/ScalingFunctions/runtime.go:63.14,64.18 1 0
github.com/GabeCordo/ScalingFunctions/runtime.go:65.18,66.22 1 0
github.com/GabeCordo/ScalingFunctions/runtime.go:67.10,68.16 1 0
github.com/GabeCordo/ScalingFunctions/runtime.go:127.61,147.2 7 11
github.com/GabeCordo/ScalingFunctions/runtime.go:149.73,152.43 2 10
github.com/GabeCordo/ScalingFunctions/runtime.go:152.43,154.3 1 0
github.com/GabeCordo/ScalingFunctions/runtime.go:157.49,159.2 1 0
github.com/GabeCordo/ScalingFunctions/runtime.go:161.50,164.40 1 10
github.com/GabeCordo/ScalingFunctions/runtime.go:164.40,165.18 1 0
github.com/GabeCordo/ScalingFunctions/runtime.go:165.18,167.4 1 0
github.com/GabeCordo/ScalingFunctions/runtime.go:169.3,170.31 2 0
github.com/GabeCordo/ScalingFunctions/runtime.go:175.2,175.55 1 10
github.com/GabeCordo/ScalingFunctions/runtime.go:175.55,190.37 1 31
github.com/GabeCordo/ScalingFunctions/runtime.go:190.37,192.4 1 0
github.com/GabeCordo/ScalingFunctions/runtime.go:194.3,194.125 1 31
github.com/GabeCordo/ScalingFunctions/runtime.go:194.125,201.4 3 31
github.com/GabeCordo/ScalingFunctions/runtime.go:204.2,204.12 1 10
github.com/GabeCordo/ScalingFunctions/runtime.go:210.44,212.6 1 10
github.com/GabeCordo/ScalingFunctions/runtime.go:212.6,215.36 1 30
github.com/GabeCordo/ScalingFunctions/runtime.go:215.36,216.9 1 0
github.com/GabeCordo/ScalingFunctions/runtime.go:219.3,220.50 2 30
github.com/GabeCordo/ScalingFunctions/runtime.go:220.50,224.62 2 72
github.com/GabeCordo/ScalingFunctions/runtime.go:224.62,226.5 1 0
github.com/GabeCordo/ScalingFunctions/runtime.go:228.4,228.33 1 72
github.com/GabeCordo/ScalingFunctions/runtime.go:228.33,232.36 2 0
github.com/GabeCordo/ScalingFunctions/runtime.go:232.36,234.57 2 0
github.com/GabeCordo/ScalingFunctions/runtime.go:234.57,241.7 6 0
github.com/GabeCordo/ScalingFunctions/runtime.go:243.10,243.72 1 72
github.com/GabeCordo/ScalingFunctions/runtime.go:243.72,245.36 1 21
github.com/GabeCordo/ScalingFunctions/runtime.go:245.36,248.16 2 21
github.com/GabeCordo/ScalingFunctions/runtime.go:248.16,252.30 2 21
github.com/GabeCordo/ScalingFunctions/runtime.go:252.30,254.13 2 21
github.com/GabeCordo/ScalingFunctions/runtime.go:256.7,259.10 4 0
github.com/GabeCordo/ScalingFunctions/runtime.go:262.10,262.37 1 51
github.com/GabeCordo/ScalingFunctions/runtime.go:262.37,264.5 1 21
github.com/GabeCordo/ScalingFunctions/runtime.go:269.3,269.61 1 30
github.com/GabeCordo/ScalingFunctions/runtime.go:269.61,270.9 1 10
github.com/GabeCordo/ScalingFunctions/runtime.go:274.3,274.63 1 20
github.com/GabeCordo/ScalingFunctions/runtime.go:278.45,281.41 1 10
github.com/GabeCordo/ScalingFunctions/runtime.go:281.41,284.3 2 0
github.com/GabeCordo/ScalingFunctions/runtime.go:286.2,286.25 1 10
github.com/GabeCordo/ScalingFunctions/runtime.go:289.48,293.17 3 10
github.com/GabeCordo/ScalingFunctions/runtime.go:293.17,295.3 1 0
github.com/GabeCordo/ScalingFunctions/runtime.go:297.2,299.15 2 10
github.com/GabeCordo/ScalingFunctions/runtime.go:299.15,301.31 1 10
github.com/GabeCordo/ScalingFunctions/runtime.go:301.31,304.4 1 0
github.com/GabeCordo/ScalingFunctions/runtime.go:309.2,310.16 2 10
github.com/GabeCordo/ScalingFunctions/runtime.go:310.16,313.3 2 0
github.com/GabeCordo/ScalingFunctions/runtime.go:314.2,322.12 4 10
github.com/GabeCordo/ScalingFunctions/runtime.go:329.61,333.34 3 94
github.com/GabeCordo/ScalingFunctions/runtime.go:333.34,334.23 1 10
github.com/GabeCordo/ScalingFunctions/runtime.go:334.23,336.4 1 10
github.com/GabeCordo/ScalingFunctions/runtime.go:336.9,336.57 1 0
github.com/GabeCordo/ScalingFunctions/runtime.go:336.57,338.4 1 0
github.com/GabeCordo/ScalingFunctions/runtime.go:338.9,340.4 1 0
github.com/GabeCordo/ScalingFunctions/runtime.go:341.8,341.38 1 84
github.com/GabeCordo/ScalingFunctions/runtime.go:341.38,342.30 1 41
github.com/GabeCordo/ScalingFunctions/runtime.go:342.30,344.4 1 31
github.com/GabeCordo/ScalingFunctions/runtime.go:344.9,344.28 1 10
github.com/GabeCordo/ScalingFunctions/runtime.go:344.28,346.4 1 0
github.com/GabeCordo/ScalingFunctions/runtime.go:346.9,346.30 1 10
github.com/GabeCordo/ScalingFunctions/runtime.go:346.30,348.4 1 10
github.com/GabeCordo/ScalingFunctions/runtime.go:348.9,348.33 1 0
github.com/GabeCordo/ScalingFunctions/runtime.go:348.33,350.4 1 0
github.com/GabeCordo/ScalingFunctions/runtime.go:350.9,352.4 1 0
github.com/GabeCordo/ScalingFunctions/runtime.go:353.8,353.44 1 43
github.com/GabeCordo/ScalingFunctions/runtime.go:353.44,354.28 1 31
github.com/GabeCordo/ScalingFunctions/runtime.go:354.28,356.4 1 31
github.com/GabeCordo/ScalingFunctions/runtime.go:356.9,356.28 1 0
github.com/GabeCordo/ScalingFunctions/runtime.go:356.28,358.4 1 0
github.com/GabeCordo/ScalingFunctions/runtime.go:358.9,358.30 1 0
github.com/GabeCordo/ScalingFunctions/runtime.go:358.30,360.4 1 0
github.com/GabeCordo/ScalingFunctions/runtime.go:360.9,362.4 1 0
github.com/GabeCordo/ScalingFunctions/runtime.go:363.8,363.40 1 12
github.com/GabeCordo/ScalingFunctions/runtime.go:363.40,364.26 1 12
github.com/GabeCordo/ScalingFunctions/runtime.go:364.26,366.4 1 10
github.com/GabeCordo/ScalingFunctions/runtime.go:366.9,368.4 1 2
github.com/GabeCordo/ScalingFunctions/runtime.go:369.8,369.75 1 0
github.com/GabeCordo/ScalingFunctions/runtime.go:369.75,371.3 1 0
github.com/GabeCordo/ScalingFunctions/runtime.go:373.2,373.13 1 92
github.com/GabeCordo/ScalingFunctions/runtime.go:376.49,382.2 3 202
github.com/GabeCordo/ScalingFunctions/runtime.go:388.111,393.12 2 10
github.com/GabeCordo/ScalingFunctions/runtime.go:393.12,394.16 1 10
github.com/GabeCordo/ScalingFunctions/runtime.go:394.16,397.4 2 10
github.com/GabeCordo/ScalingFunctions/runtime.go:399.3,405.64 4 10
github.com/GabeCordo/ScalingFunctions/runtime.go:405.64,410.42 2 10
github.com/GabeCordo/ScalingFunctions/runtime.go:410.42,413.5 2 10
github.com/GabeCordo/ScalingFunctions/runtime.go:416.3,421.64 2 10
github.com/GabeCordo/ScalingFunctions/runtime.go:421.64,423.8 2 10
github.com/GabeCordo/ScalingFunctions/runtime.go:423.8,425.11 2 1080
github.com/GabeCordo/ScalingFunctions/runtime.go:425.11,426.47 1 1072
github.com/GabeCordo/ScalingFunctions/runtime.go:426.47,429.32 1 2
github.com/GabeCordo/ScalingFunctions/runtime.go:429.32,430.12 1 2
github.com/GabeCordo/ScalingFunctions/runtime.go:430.12,432.16 2 147
github.com/GabeCordo/ScalingFunctions/runtime.go:432.16,433.15 1 0
github.com/GabeCordo/ScalingFunctions/runtime.go:437.7,437.12 1 2
github.com/GabeCordo/ScalingFunctions/runtime.go:439.11,440.11 1 8
github.com/GabeCordo/ScalingFunctions/runtime.go:445.2,445.13 1 10
github.com/GabeCordo/ScalingFunctions/runtime.go:448.75,453.12 2 10
github.com/GabeCordo/ScalingFunctions/runtime.go:453.12,455.7 2 10
github.com/GabeCordo/ScalingFunctions/runtime.go:455.7,462.16 4 182
github.com/GabeCordo/ScalingFunctions/runtime.go:462.16,463.10 1 9
github.com/GabeCordo/ScalingFunctions/runtime.go:465.4,465.37 1 173
github.com/GabeCordo/ScalingFunctions/runtime.go:469.2,469.13 1 10
github.com/GabeCordo/ScalingFunctions/runtime.go:479.105,501.20 5 2070
github.com/GabeCordo/ScalingFunctions/runtime.go:501.20,507.14 3 2070
github.com/GabeCordo/ScalingFunctions/runtime.go:507.14,510.14 2 2000
github.com/GabeCordo/ScalingFunctions/runtime.go:510.14,516.25 2 0
github.com/GabeCordo/ScalingFunctions/runtime.go:516.25,520.6 3 0
github.com/GabeCordo/ScalingFunctions/runtime.go:521.5,521.16 1 0
github.com/GabeCordo/ScalingFunctions/runtime.go:525.4,525.36 1 2000
github.com/GabeCordo/ScalingFunctions/runtime.go:529.2,529.22 1 2070
github.com/GabeCordo/ScalingFunctions/runtime.go:534.65,547.60 5 31
github.com/GabeCordo/ScalingFunctions/runtime.go:547.60,549.53 1 31
github.com/GabeCordo/ScalingFunctions/runtime.go:549.53,552.17 1 10
github.com/GabeCordo/ScalingFunctions/runtime.go:552.17,553.33 1 10
github.com/GabeCordo/ScalingFunctions/runtime.go:553.33,556.26 3 0
github.com/GabeCordo/ScalingFunctions/runtime.go:556.26,560.7 3 0
github.com/GabeCordo/ScalingFunctions/runtime.go:561.6,562.38 2 0
github.com/GabeCordo/ScalingFunctions/runtime.go:569.4,569.24 1 10
github.com/GabeCordo/ScalingFunctions/runtime.go:569.24,571.5 1 0
github.com/GabeCordo/ScalingFunctions/runtime.go:573.4,575.19 2 10
github.com/GabeCordo/ScalingFunctions/runtime.go:575.19,577.5 1 0
github.com/GabeCordo/ScalingFunctions/runtime.go:583.4,583.44 1 10
github.com/GabeCordo/ScalingFunctions/runtime.go:583.44,588.5 2 0
github.com/GabeCordo/ScalingFunctions/runtime.go:588.10,590.12 1 10
github.com/GabeCordo/ScalingFunctions/runtime.go:591.67,592.11 1 8
github.com/GabeCordo/ScalingFunctions/runtime.go:593.48,595.11 2 2
github.com/GabeCordo/ScalingFunctions/runtime.go:599.4,606.36 4 10
github.com/GabeCordo/ScalingFunctions/runtime.go:607.9,607.60 1 21
github.com/GabeCordo/ScalingFunctions/runtime.go:607.60,615.17 5 10
github.com/GabeCordo/ScalingFunctions/runtime.go:615.17,616.33 1 10
github.com/GabeCordo/ScalingFunctions/runtime.go:616.33,619.26 3 0
github.com/GabeCordo/ScalingFunctions/runtime.go:619.26,623.7 3 0
github.com/GabeCordo/ScalingFunctions/runtime.go:624.6,624.22 1 0
github.com/GabeCordo/ScalingFunctions/runtime.go:629.4,629.19 1 10
github.com/GabeCordo/ScalingFunctions/runtime.go:629.19,631.5 1 0
github.com/GabeCordo/ScalingFunctions/runtime.go:633.4,634.34 2 10
github.com/GabeCordo/ScalingFunctions/runtime.go:634.34,637.5 2 0
github.com/GabeCordo/ScalingFunctions/runtime.go:638.4,641.8 3 10
github.com/GabeCordo/ScalingFunctions/runtime.go:641.8,642.12 1 1080
github.com/GabeCordo/ScalingFunctions/runtime.go:643.51,644.6 1 1080
github.com/GabeCordo/ScalingFunctions/runtime.go:644.6,645.30 1 1080
github.com/GabeCordo/ScalingFunctions/runtime.go:645.30,647.13 2 10
github.com/GabeCordo/ScalingFunctions/runtime.go:650.7,662.37 5 1070
github.com/GabeCordo/ScalingFunctions/runtime.go:662.37,664.8 1 0
github.com/GabeCordo/ScalingFunctions/runtime.go:664.13,667.8 2 1070
github.com/GabeCordo/ScalingFunctions/runtime.go:669.17,670.6 1 0
github.com/GabeCordo/ScalingFunctions/runtime.go:670.6,673.7 2 0
github.com/GabeCordo/ScalingFunctions/runtime.go:676.5,676.18 1 1080
github.com/GabeCordo/ScalingFunctions/runtime.go:676.18,678.38 1 10
github.com/GabeCordo/ScalingFunctions/runtime.go:678.38,682.7 3 10
github.com/GabeCordo/ScalingFunctions/runtime.go:686.6,686.36 1 10
github.com/GabeCordo/ScalingFunctions/runtime.go:686.36,689.7 2 0
github.com/GabeCordo/ScalingFunctions/runtime.go:691.6,691.11 1 10
github.com/GabeCordo/ScalingFunctions/runtime.go:694.9,694.60 1 11
github.com/GabeCordo/ScalingFunctions/runtime.go:694.60,695.17 1 11
github.com/GabeCordo/ScalingFunctions/runtime.go:695.17,696.33 1 11
github.com/GabeCordo/ScalingFunctions/runtime.go:696.33,699.26 3 0
github.com/GabeCordo/ScalingFunctions/runtime.go:699.26,703.7 3 0
github.com/GabeCordo/ScalingFunctions/runtime.go:704.6,705.38 2 0
github.com/GabeCordo/ScalingFunctions/runtime.go:710.4,717.19 6 11
github.com/GabeCordo/ScalingFunctions/runtime.go:717.19,719.5 1 0
github.com/GabeCordo/ScalingFunctions/runtime.go:721.4,722.34 2 11
github.com/GabeCordo/ScalingFunctions/runtime.go:722.34,725.5 2 0
github.com/GabeCordo/ScalingFunctions/runtime.go:726.4,729.8 3 11
github.com/GabeCordo/ScalingFunctions/runtime.go:729.8,730.12 1 2081
github.com/GabeCordo/ScalingFunctions/runtime.go:731.51,732.6 1 2081
github.com/GabeCordo/ScalingFunctions/runtime.go:732.6,734.30 1 2081
github.com/GabeCordo/ScalingFunctions/runtime.go:734.30,736.13 2 11
github.com/GabeCordo/ScalingFunctions/runtime.go:741.7,751.37 5 2070
github.com/GabeCordo/ScalingFunctions/runtime.go:751.37,753.8 1 0
github.com/GabeCordo/ScalingFunctions/runtime.go:753.13,756.17 2 2070
github.com/GabeCordo/ScalingFunctions/runtime.go:756.17,758.67 2 2070
github.com/GabeCordo/ScalingFunctions/runtime.go:758.67,759.43 1 0
github.com/GabeCordo/ScalingFunctions/runtime.go:759.43,762.157 3 0
github.com/GabeCordo/ScalingFunctions/runtime.go:762.157,764.12 1 0
github.com/GabeCordo/ScalingFunctions/runtime.go:768.9,768.29 1 2070
github.com/GabeCordo/ScalingFunctions/runtime.go:768.29,774.40 5 0
github.com/GabeCordo/ScalingFunctions/runtime.go:774.40,776.11 1 0
github.com/GabeCordo/ScalingFunctions/runtime.go:777.15,783.10 4 2070
github.com/GabeCordo/ScalingFunctions/runtime.go:784.14,788.9 3 0
github.com/GabeCordo/ScalingFunctions/runtime.go:791.17,792.6 1 0
github.com/GabeCordo/ScalingFunctions/runtime.go:792.6,795.7 2 0
github.com/GabeCordo/ScalingFunctions/runtime.go:798.5,798.18 1 2081
github.com/GabeCordo/ScalingFunctions/runtime.go:798.18,800.38 1 11
github.com/GabeCordo/ScalingFunctions/runtime.go:800.38,804.7 3 11
github.com/GabeCordo/ScalingFunctions/runtime.go:808.6,808.36 1 11
github.com/GabeCordo/ScalingFunctions/runtime.go:808.36,811.16 2 0
github.com/GabeCordo/ScalingFunctions/runtime.go:811.16,817.8 4 0
github.com/GabeCordo/ScalingFunctions/runtime.go:817.13,821.8 3 0
github.com/GabeCordo/ScalingFunctions/runtime.go:823.6,823.11 1 11
github.com/GabeCordo/ScalingFunctions/runtime.go:830.4,830.36 1 11
github.com/GabeCordo/ScalingFunctions/runtime.go:831.9,832.63 1 0
github.com/GabeCordo/ScalingFunctions/runtime.go:842.62,845.32 2 0
github.com/GabeCordo/ScalingFunctions/runtime.go:845.32,847.60 2 0
github.com/GabeCordo/ScalingFunctions/runtime.go:850.2,854.14 4 0
github.com/GabeCordo/ScalingFunctions/runtime.go:861.71,867.62 2 0
github.com/GabeCordo/ScalingFunctions/runtime.go:867.62,868.102 1 0
github.com/GabeCordo/ScalingFunctions/runtime.go:871.2,875.44 4 0
github.com/GabeCordo/ScalingFunctions/runtime.go:875.44,879.59 1 0
github.com/GabeCordo/ScalingFunctions/runtime.go:879.59,880.12 1 0
github.com/GabeCordo/ScalingFunctions/runtime.go:882.3,885.20 3 0
github.com/GabeCordo/ScalingFunctions/runtime.go:888.2,888.17 1 0
github.com/GabeCordo/ScalingFunctions/runtime.go:888.17,889.90 1 0
github.com/GabeCordo/ScalingFunctions/runtime.go:893.42,897.22 2 2
github.com/GabeCordo/ScalingFunctions/runtime.go:897.22,899.45 2 0
github.com/GabeCordo/ScalingFunctions/runtime.go:899.45,905.18 5 0
github.com/GabeCordo/ScalingFunctions/runtime.go:905.18,907.5 1 0
github.com/GabeCordo/ScalingFunctions/runtime.go:911.2,913.25 2 2
github.com/GabeCordo/ScalingFunctions/runtime.go:913.25,915.3 1 20
github.com/GabeCordo/ScalingFunctions/runtime.go:918.42,920.2 1 0
github.com/GabeCordo/ScalingFunctions/statistics.go:43.29,45.41 1 1
github.com/GabeCordo/ScalingFunctions/statistics.go:45.41,48.3 2 3
github.com/GabeCordo/ScalingFunctions/statistics.go:50.2,50.33 1 1
github.com/GabeCordo/ScalingFunctions/statistics.go:50.33,55.3 4 2
github.com/GabeCordo/ScalingFunctions/statistics.go:60.67,70.2 6 14
